<?xml version="1.0" encoding="UTF-8" ?>
<testsuite tests="11" failures="0" name="com.pci.mics.commons.util.DateTimeUtilsTest" time="0.084" errors="0" skipped="0">
  <properties>
    <property name="idea.version" value="2017.3.2"/>
    <property name="java.runtime.name" value="Java(TM) SE Runtime Environment"/>
    <property name="sun.boot.library.path" value="E:\dev\java\jdk1.8\jre\bin"/>
    <property name="java.vm.version" value="25.162-b12"/>
    <property name="java.vm.vendor" value="Oracle Corporation"/>
    <property name="maven.multiModuleProjectDirectory" value="F:\mycode\hjmos\commons-util"/>
    <property name="java.vendor.url" value="http://java.oracle.com/"/>
    <property name="path.separator" value=";"/>
    <property name="guice.disable.misplaced.annotation.check" value="true"/>
    <property name="java.vm.name" value="Java HotSpot(TM) 64-Bit Server VM"/>
    <property name="file.encoding.pkg" value="sun.io"/>
    <property name="user.script" value=""/>
    <property name="user.country" value="CN"/>
    <property name="sun.java.launcher" value="SUN_STANDARD"/>
    <property name="sun.os.patch.level" value=""/>
    <property name="java.vm.specification.name" value="Java Virtual Machine Specification"/>
    <property name="user.dir" value="F:\mycode\hjmos\commons-util"/>
    <property name="java.runtime.version" value="1.8.0_162-b12"/>
    <property name="java.awt.graphicsenv" value="sun.awt.Win32GraphicsEnvironment"/>
    <property name="java.endorsed.dirs" value="E:\dev\java\jdk1.8\jre\lib\endorsed"/>
    <property name="os.arch" value="amd64"/>
    <property name="java.io.tmpdir" value="C:\Users\13545\AppData\Local\Temp\"/>
    <property name="line.separator" value="
"/>
    <property name="java.vm.specification.vendor" value="Oracle Corporation"/>
    <property name="user.variant" value=""/>
    <property name="os.name" value="Windows 10"/>
    <property name="classworlds.conf" value="E:\dev\apache\apache-maven-3.3.9\bin\m2.conf"/>
    <property name="sun.jnu.encoding" value="GBK"/>
    <property name="java.library.path" value="E:\dev\java\jdk1.8\bin;C:\Windows\Sun\Java\bin;C:\Windows\system32;C:\Windows;E:\dev\CRTandFX\;E:\dev\java\jdk1.8\bin;E:\dev\apache\tomcat8.5.5bin;E:\dev\MySqlServer\bin;C:\ProgramData\Oracle\Java\javapath;C:\Windows\system32;C:\Windows;C:\Windows\System32\Wbem;C:\Windows\System32\WindowsPowerShell\v1.0\;C:\Windows\System32\OpenSSH\;C:\Program Files (x86)\NVIDIA Corporation\PhysX\Common;C:\Program Files\NVIDIA Corporation\NVIDIA NGX;C:\Program Files\NVIDIA Corporation\NVIDIA NvDLISR;C:\Program Files (x86)\Intel\Intel(R) Management Engine Components\DAL;C:\Program Files\Intel\Intel(R) Management Engine Components\DAL;C:\Program Files\Intel\WiFi\bin\;C:\Program Files\Common Files\Intel\WirelessCommon\;E:\dev\apache\apache-maven-3.3.9\bin;E:\dev\Git\cmd;E:\dev\git_tortoise\bin;E:\dev\svn-client\bin;C:\Users\13545\AppData\Local\Microsoft\WindowsApps;;."/>
    <property name="java.specification.name" value="Java Platform API Specification"/>
    <property name="java.class.version" value="52.0"/>
    <property name="sun.management.compiler" value="HotSpot 64-Bit Tiered Compilers"/>
    <property name="maven.repo.local" value="E:\dev\apache\repository"/>
    <property name="os.version" value="10.0"/>
    <property name="user.home" value="C:\Users\13545"/>
    <property name="user.timezone" value="Asia/Shanghai"/>
    <property name="java.awt.printerjob" value="sun.awt.windows.WPrinterJob"/>
    <property name="java.specification.version" value="1.8"/>
    <property name="file.encoding" value="UTF-8"/>
    <property name="user.name" value="779640093"/>
    <property name="java.class.path" value="E:\dev\apache\apache-maven-3.3.9\boot\plexus-classworlds-2.5.2.jar;E:\dev\IntelliJ IDEA 2017.3.2\lib\idea_rt.jar"/>
    <property name="java.vm.specification.version" value="1.8"/>
    <property name="sun.arch.data.model" value="64"/>
    <property name="java.home" value="E:\dev\java\jdk1.8\jre"/>
    <property name="sun.java.command" value="org.codehaus.classworlds.Launcher -Didea.version=2017.3.2 -s E:\dev\apache\apache-maven-3.3.9\conf\settings.xml -Dmaven.repo.local=E:\dev\apache\repository install"/>
    <property name="java.specification.vendor" value="Oracle Corporation"/>
    <property name="user.language" value="zh"/>
    <property name="awt.toolkit" value="sun.awt.windows.WToolkit"/>
    <property name="java.vm.info" value="mixed mode"/>
    <property name="java.version" value="1.8.0_162"/>
    <property name="java.ext.dirs" value="E:\dev\java\jdk1.8\jre\lib\ext;C:\Windows\Sun\Java\lib\ext"/>
    <property name="sun.boot.class.path" value="E:\dev\java\jdk1.8\jre\lib\resources.jar;E:\dev\java\jdk1.8\jre\lib\rt.jar;E:\dev\java\jdk1.8\jre\lib\sunrsasign.jar;E:\dev\java\jdk1.8\jre\lib\jsse.jar;E:\dev\java\jdk1.8\jre\lib\jce.jar;E:\dev\java\jdk1.8\jre\lib\charsets.jar;E:\dev\java\jdk1.8\jre\lib\jfr.jar;E:\dev\java\jdk1.8\jre\classes"/>
    <property name="java.vendor" value="Oracle Corporation"/>
    <property name="maven.home" value="E:\dev\apache\apache-maven-3.3.9"/>
    <property name="file.separator" value="\"/>
    <property name="java.vendor.url.bug" value="http://bugreport.sun.com/bugreport/"/>
    <property name="sun.cpu.endian" value="little"/>
    <property name="sun.io.unicode.encoding" value="UnicodeLittle"/>
    <property name="sun.desktop" value="windows"/>
    <property name="sun.cpu.isalist" value="amd64"/>
  </properties>
  <testcase classname="com.pci.mics.commons.util.DateTimeUtilsTest" name="testLocalDateToString" time="0.067"/>
  <testcase classname="com.pci.mics.commons.util.DateTimeUtilsTest" name="testLocalDateTimeExchangeDate" time="0.004"/>
  <testcase classname="com.pci.mics.commons.util.DateTimeUtilsTest" name="testLocalDateTimeExchangeTimestamp" time="0.001"/>
  <testcase classname="com.pci.mics.commons.util.DateTimeUtilsTest" name="isTime" time="0"/>
  <testcase classname="com.pci.mics.commons.util.DateTimeUtilsTest" name="testIs" time="0"/>
  <testcase classname="com.pci.mics.commons.util.DateTimeUtilsTest" name="testPeriodLocalDate" time="0.002"/>
  <testcase classname="com.pci.mics.commons.util.DateTimeUtilsTest" name="testLocalDateTimeToString" time="0.003"/>
  <testcase classname="com.pci.mics.commons.util.DateTimeUtilsTest" name="testStringToLocalDateTime" time="0.006"/>
  <testcase classname="com.pci.mics.commons.util.DateTimeUtilsTest" name="testPeriodLocalDateTime" time="0"/>
  <testcase classname="com.pci.mics.commons.util.DateTimeUtilsTest" name="testShortToLong" time="0"/>
  <testcase classname="com.pci.mics.commons.util.DateTimeUtilsTest" name="testStringToLocalDate" time="0.001"/>
</testsuite>